<?xml version="1.0" encoding="UTF-8"?>
<!-- Generated by org.testng.reporters.JUnitReportReporter -->
<testsuite hostname="DESKTOP-2GNJ49D" failures="0" tests="1" name="test3.ParametersClass" time="0.011" errors="0" timestamp="2022-06-27T00:23:43 GMT-07:00" skipped="0">
  <testcase classname="test3.ParametersClass" name="get_parameters" time="0.011"/>
  <system-out/>
</testsuite> <!-- test3.ParametersClass -->
