<?xml version="1.0" encoding="UTF-8"?>
<!-- Generated by org.testng.reporters.JUnitReportReporter -->
<testsuite hostname="DESKTOP-2GNJ49D" failures="0" tests="3" name="test2.Test2" time="0.017" errors="0" timestamp="2022-06-26T22:31:40 GMT-07:00" skipped="0">
  <testcase classname="test2.Test2" name="api_info" time="0.012"/>
  <system-out/>
  <testcase classname="test2.Test2" name="mobile_info" time="0.004"/>
  <system-out/>
  <testcase classname="test2.Test2" name="get_info" time="0.001"/>
  <system-out/>
</testsuite> <!-- test2.Test2 -->
