<?xml version="1.0" encoding="UTF-8"?>
<!-- Generated by org.testng.reporters.JUnitReportReporter -->
<testsuite hostname="DESKTOP-2GNJ49D" failures="0" tests="1" name="test.Day3" time="0.013" errors="0" timestamp="2022-06-26T09:33:21 GMT-07:00" skipped="0">
  <testcase classname="test.Day3" name="wlpgin_with_carloan" time="0.013"/>
  <system-out/>
</testsuite> <!-- test.Day3 -->
