<?xml version="1.0" encoding="UTF-8"?>
<!-- Generated by org.testng.reporters.JUnitReportReporter -->
<testsuite hostname="DESKTOP-2GNJ49D" failures="0" tests="3" name="test.Day4" time="0.006" errors="0" timestamp="2022-06-26T08:44:15 GMT-07:00" skipped="0">
  <testcase classname="test.Day4" name="mobile_login" time="0.003"/>
  <system-out/>
  <testcase classname="test.Day4" name="web_login" time="0.002"/>
  <system-out/>
  <testcase classname="test.Day4" name="lpgin_with_carloan" time="0.001"/>
  <system-out/>
</testsuite> <!-- test.Day4 -->
