<?xml version="1.0" encoding="UTF-8"?>
<!-- Generated by org.testng.reporters.JUnitReportReporter -->
<testsuite hostname="DESKTOP-2GNJ49D" failures="0" tests="4" name="parameter.ParameterDataP" time="0.014" errors="0" timestamp="2022-06-27T01:32:48 GMT-07:00" skipped="1">
  <testcase classname="parameter.ParameterDataP" name="get_info_user" time="0.003"/>
  <system-out/>
  <testcase classname="parameter.ParameterDataP" name="get_info_user" time="0.001"/>
  <system-out/>
  <testcase classname="parameter.ParameterDataP" name="get_info_user" time="0.010"/>
  <system-out/>
  <testcase classname="parameter.ParameterDataP" name="get_info_user1">
    <skipped/>
  </testcase> <!-- get_info_user1 -->
  <system-out/>
</testsuite> <!-- parameter.ParameterDataP -->
