<?xml version="1.0" encoding="UTF-8"?>
<!-- Generated by org.testng.reporters.JUnitReportReporter -->
<testsuite hostname="DESKTOP-2GNJ49D" failures="0" tests="1" name="test.Day1" time="0.002" errors="0" timestamp="2022-06-26T21:48:51 GMT-07:00" skipped="0">
  <testcase classname="test.Day1" name="demo1" time="0.002"/>
  <system-out/>
</testsuite> <!-- test.Day1 -->
