<?xml version="1.0" encoding="UTF-8"?>
<!-- Generated by org.testng.reporters.JUnitReportReporter -->
<testsuite hostname="DESKTOP-2GNJ49D" failures="0" tests="3" name="test.TestNGDay2" time="0.005" errors="0" timestamp="2022-06-25T00:59:22 GMT-07:00" skipped="0">
  <testcase classname="test.TestNGDay2" name="getData" time="0.001"/>
  <system-out/>
  <testcase classname="test.TestNGDay2" name="getData2" time="0.002"/>
  <system-out/>
  <testcase classname="test.TestNGDay2" name="getData1" time="0.002"/>
  <system-out/>
</testsuite> <!-- test.TestNGDay2 -->
