<?xml version="1.0" encoding="UTF-8"?>
<!-- Generated by org.testng.reporters.JUnitReportReporter -->
<testsuite hostname="DESKTOP-2GNJ49D" failures="0" tests="2" name="test.MoileCases" time="0.012" errors="0" timestamp="2022-06-26T08:44:14 GMT-07:00" skipped="0">
  <testcase classname="test.MoileCases" name="mobile_testcase1" time="0.010"/>
  <system-out/>
  <testcase classname="test.MoileCases" name="mobile_testcase2" time="0.002"/>
  <system-out/>
</testsuite> <!-- test.MoileCases -->
