<?xml version="1.0" encoding="UTF-8"?>
<!-- Generated by org.testng.reporters.JUnitReportReporter -->
<testsuite hostname="DESKTOP-2GNJ49D" failures="0" tests="3" name="test.TestngDay1" time="0.017" errors="0" timestamp="2022-06-25T00:59:22 GMT-07:00" skipped="1">
  <testcase classname="test.TestngDay1" name="demo3" time="0.005"/>
  <system-out/>
  <testcase classname="test.TestngDay1" name="demo2" time="0.012"/>
  <system-out/>
  <testcase classname="test.TestngDay1" name="demo1">
    <skipped/>
  </testcase> <!-- demo1 -->
  <system-out/>
</testsuite> <!-- test.TestngDay1 -->
